[     128ms] [LOG] %c * Tone.js v15.1.22 *  background: #000; color: #fff @ http://localhost:5173/node_modules/.vite/deps/tone.js?v=abb9aa6a:9690
[     464ms] [WARNING] The AudioContext was not allowed to start. It must be resumed (or created) after a user gesture on the page. https://developer.chrome.com/blog/autoplay/#web_audio @ http://localhost:5173/node_modules/.vite/deps/tone.js?v=abb9aa6a:7610
[     466ms] [WARNING] The AudioContext was not allowed to start. It must be resumed (or created) after a user gesture on the page. https://developer.chrome.com/blog/autoplay/#web_audio @ http://localhost:5173/node_modules/.vite/deps/tone.js?v=abb9aa6a:2867
[     504ms] [ERROR] Failed to load resource: the server responded with a status of 404 (Not Found) @ http://localhost:5173/favicon.ico:0
[   35855ms] [ERROR] Failed to load resource: the server responded with a status of 404 (Not Found) @ http://localhost:5173/favicon.ico:0
[   40763ms] [WARNING] Max polyphony exceeded. Note dropped. @ http://localhost:5173/node_modules/.vite/deps/tone.js?v=abb9aa6a:7950
[   40764ms] [WARNING] Max polyphony exceeded. Note dropped. @ http://localhost:5173/node_modules/.vite/deps/tone.js?v=abb9aa6a:7950
[   40764ms] [WARNING] Max polyphony exceeded. Note dropped. @ http://localhost:5173/node_modules/.vite/deps/tone.js?v=abb9aa6a:7950
[   40764ms] [WARNING] Max polyphony exceeded. Note dropped. @ http://localhost:5173/node_modules/.vite/deps/tone.js?v=abb9aa6a:7950
[   40764ms] [WARNING] Max polyphony exceeded. Note dropped. @ http://localhost:5173/node_modules/.vite/deps/tone.js?v=abb9aa6a:7950
[   40764ms] [WARNING] Max polyphony exceeded. Note dropped. @ http://localhost:5173/node_modules/.vite/deps/tone.js?v=abb9aa6a:7950
[   40804ms] [WARNING] Max polyphony exceeded. Note dropped. @ http://localhost:5173/node_modules/.vite/deps/tone.js?v=abb9aa6a:7950
[   40804ms] [WARNING] Max polyphony exceeded. Note dropped. @ http://localhost:5173/node_modules/.vite/deps/tone.js?v=abb9aa6a:7950
[   40805ms] [WARNING] Max polyphony exceeded. Note dropped. @ http://localhost:5173/node_modules/.vite/deps/tone.js?v=abb9aa6a:7950
[   40860ms] [WARNING] Max polyphony exceeded. Note dropped. @ http://localhost:5173/node_modules/.vite/deps/tone.js?v=abb9aa6a:7950
[   40860ms] [WARNING] Max polyphony exceeded. Note dropped. @ http://localhost:5173/node_modules/.vite/deps/tone.js?v=abb9aa6a:7950
[   40860ms] [WARNING] Max polyphony exceeded. Note dropped. @ http://localhost:5173/node_modules/.vite/deps/tone.js?v=abb9aa6a:7950
[   40860ms] [WARNING] Max polyphony exceeded. Note dropped. @ http://localhost:5173/node_modules/.vite/deps/tone.js?v=abb9aa6a:7950
[   40861ms] [WARNING] Max polyphony exceeded. Note dropped. @ http://localhost:5173/node_modules/.vite/deps/tone.js?v=abb9aa6a:7950
[   40861ms] [WARNING] Max polyphony exceeded. Note dropped. @ http://localhost:5173/node_modules/.vite/deps/tone.js?v=abb9aa6a:7950
[   40910ms] [WARNING] Max polyphony exceeded. Note dropped. @ http://localhost:5173/node_modules/.vite/deps/tone.js?v=abb9aa6a:7950
[   40910ms] [WARNING] Max polyphony exceeded. Note dropped. @ http://localhost:5173/node_modules/.vite/deps/tone.js?v=abb9aa6a:7950
[   40910ms] [WARNING] Max polyphony exceeded. Note dropped. @ http://localhost:5173/node_modules/.vite/deps/tone.js?v=abb9aa6a:7950
[   40910ms] [WARNING] Max polyphony exceeded. Note dropped. @ http://localhost:5173/node_modules/.vite/deps/tone.js?v=abb9aa6a:7950
[   41070ms] [WARNING] Max polyphony exceeded. Note dropped. @ http://localhost:5173/node_modules/.vite/deps/tone.js?v=abb9aa6a:7950
[   41070ms] [WARNING] Max polyphony exceeded. Note dropped. @ http://localhost:5173/node_modules/.vite/deps/tone.js?v=abb9aa6a:7950
[   41070ms] [WARNING] Max polyphony exceeded. Note dropped. @ http://localhost:5173/node_modules/.vite/deps/tone.js?v=abb9aa6a:7950
[   41070ms] [WARNING] Max polyphony exceeded. Note dropped. @ http://localhost:5173/node_modules/.vite/deps/tone.js?v=abb9aa6a:7950
[   41070ms] [WARNING] Max polyphony exceeded. Note dropped. @ http://localhost:5173/node_modules/.vite/deps/tone.js?v=abb9aa6a:7950
[   41070ms] [WARNING] Max polyphony exceeded. Note dropped. @ http://localhost:5173/node_modules/.vite/deps/tone.js?v=abb9aa6a:7950
[   41070ms] [WARNING] Max polyphony exceeded. Note dropped. @ http://localhost:5173/node_modules/.vite/deps/tone.js?v=abb9aa6a:7950
[   41070ms] [WARNING] Max polyphony exceeded. Note dropped. @ http://localhost:5173/node_modules/.vite/deps/tone.js?v=abb9aa6a:7950
[   41121ms] [WARNING] Max polyphony exceeded. Note dropped. @ http://localhost:5173/node_modules/.vite/deps/tone.js?v=abb9aa6a:7950
[   41121ms] [WARNING] Max polyphony exceeded. Note dropped. @ http://localhost:5173/node_modules/.vite/deps/tone.js?v=abb9aa6a:7950
[   41122ms] [WARNING] Max polyphony exceeded. Note dropped. @ http://localhost:5173/node_modules/.vite/deps/tone.js?v=abb9aa6a:7950
[   41122ms] [WARNING] Max polyphony exceeded. Note dropped. @ http://localhost:5173/node_modules/.vite/deps/tone.js?v=abb9aa6a:7950
[   41122ms] [WARNING] Max polyphony exceeded. Note dropped. @ http://localhost:5173/node_modules/.vite/deps/tone.js?v=abb9aa6a:7950
[   41122ms] [WARNING] Max polyphony exceeded. Note dropped. @ http://localhost:5173/node_modules/.vite/deps/tone.js?v=abb9aa6a:7950
[   41174ms] [WARNING] Max polyphony exceeded. Note dropped. @ http://localhost:5173/node_modules/.vite/deps/tone.js?v=abb9aa6a:7950
[  114713ms] [WARNING] Max polyphony exceeded. Note dropped. @ http://localhost:5173/node_modules/.vite/deps/tone.js?v=abb9aa6a:7950
[  114715ms] [WARNING] Max polyphony exceeded. Note dropped. @ http://localhost:5173/node_modules/.vite/deps/tone.js?v=abb9aa6a:7950
[  114715ms] [WARNING] Max polyphony exceeded. Note dropped. @ http://localhost:5173/node_modules/.vite/deps/tone.js?v=abb9aa6a:7950
[  114758ms] [WARNING] Max polyphony exceeded. Note dropped. @ http://localhost:5173/node_modules/.vite/deps/tone.js?v=abb9aa6a:7950
[  114758ms] [WARNING] Max polyphony exceeded. Note dropped. @ http://localhost:5173/node_modules/.vite/deps/tone.js?v=abb9aa6a:7950
[  114760ms] [WARNING] Max polyphony exceeded. Note dropped. @ http://localhost:5173/node_modules/.vite/deps/tone.js?v=abb9aa6a:7950
[  114760ms] [WARNING] Max polyphony exceeded. Note dropped. @ http://localhost:5173/node_modules/.vite/deps/tone.js?v=abb9aa6a:7950
[  114761ms] [WARNING] Max polyphony exceeded. Note dropped. @ http://localhost:5173/node_modules/.vite/deps/tone.js?v=abb9aa6a:7950
[  114761ms] [WARNING] Max polyphony exceeded. Note dropped. @ http://localhost:5173/node_modules/.vite/deps/tone.js?v=abb9aa6a:7950
[  114761ms] [WARNING] Max polyphony exceeded. Note dropped. @ http://localhost:5173/node_modules/.vite/deps/tone.js?v=abb9aa6a:7950
[  114813ms] [WARNING] Max polyphony exceeded. Note dropped. @ http://localhost:5173/node_modules/.vite/deps/tone.js?v=abb9aa6a:7950
[  114813ms] [WARNING] Max polyphony exceeded. Note dropped. @ http://localhost:5173/node_modules/.vite/deps/tone.js?v=abb9aa6a:7950
[  114814ms] [WARNING] Max polyphony exceeded. Note dropped. @ http://localhost:5173/node_modules/.vite/deps/tone.js?v=abb9aa6a:7950
[  114814ms] [WARNING] Max polyphony exceeded. Note dropped. @ http://localhost:5173/node_modules/.vite/deps/tone.js?v=abb9aa6a:7950
[  114869ms] [WARNING] Max polyphony exceeded. Note dropped. @ http://localhost:5173/node_modules/.vite/deps/tone.js?v=abb9aa6a:7950
[  114869ms] [WARNING] Max polyphony exceeded. Note dropped. @ http://localhost:5173/node_modules/.vite/deps/tone.js?v=abb9aa6a:7950
[  114869ms] [WARNING] Max polyphony exceeded. Note dropped. @ http://localhost:5173/node_modules/.vite/deps/tone.js?v=abb9aa6a:7950
[  114869ms] [WARNING] Max polyphony exceeded. Note dropped. @ http://localhost:5173/node_modules/.vite/deps/tone.js?v=abb9aa6a:7950
[  114869ms] [WARNING] Max polyphony exceeded. Note dropped. @ http://localhost:5173/node_modules/.vite/deps/tone.js?v=abb9aa6a:7950
[  114869ms] [WARNING] Max polyphony exceeded. Note dropped. @ http://localhost:5173/node_modules/.vite/deps/tone.js?v=abb9aa6a:7950
[  114869ms] [WARNING] Max polyphony exceeded. Note dropped. @ http://localhost:5173/node_modules/.vite/deps/tone.js?v=abb9aa6a:7950
[  114870ms] [WARNING] Max polyphony exceeded. Note dropped. @ http://localhost:5173/node_modules/.vite/deps/tone.js?v=abb9aa6a:7950
[  114870ms] [WARNING] Max polyphony exceeded. Note dropped. @ http://localhost:5173/node_modules/.vite/deps/tone.js?v=abb9aa6a:7950
[  114870ms] [WARNING] Max polyphony exceeded. Note dropped. @ http://localhost:5173/node_modules/.vite/deps/tone.js?v=abb9aa6a:7950
[  114870ms] [WARNING] Max polyphony exceeded. Note dropped. @ http://localhost:5173/node_modules/.vite/deps/tone.js?v=abb9aa6a:7950
[  114870ms] [WARNING] Max polyphony exceeded. Note dropped. @ http://localhost:5173/node_modules/.vite/deps/tone.js?v=abb9aa6a:7950
[  114870ms] [WARNING] Max polyphony exceeded. Note dropped. @ http://localhost:5173/node_modules/.vite/deps/tone.js?v=abb9aa6a:7950
[  114870ms] [WARNING] Max polyphony exceeded. Note dropped. @ http://localhost:5173/node_modules/.vite/deps/tone.js?v=abb9aa6a:7950
[  114870ms] [WARNING] Max polyphony exceeded. Note dropped. @ http://localhost:5173/node_modules/.vite/deps/tone.js?v=abb9aa6a:7950
[  114870ms] [WARNING] Max polyphony exceeded. Note dropped. @ http://localhost:5173/node_modules/.vite/deps/tone.js?v=abb9aa6a:7950
[  114870ms] [WARNING] Max polyphony exceeded. Note dropped. @ http://localhost:5173/node_modules/.vite/deps/tone.js?v=abb9aa6a:7950
[  114870ms] [WARNING] Max polyphony exceeded. Note dropped. @ http://localhost:5173/node_modules/.vite/deps/tone.js?v=abb9aa6a:7950
[  114870ms] [WARNING] Max polyphony exceeded. Note dropped. @ http://localhost:5173/node_modules/.vite/deps/tone.js?v=abb9aa6a:7950
[  114870ms] [WARNING] Max polyphony exceeded. Note dropped. @ http://localhost:5173/node_modules/.vite/deps/tone.js?v=abb9aa6a:7950
[  114870ms] [WARNING] Max polyphony exceeded. Note dropped. @ http://localhost:5173/node_modules/.vite/deps/tone.js?v=abb9aa6a:7950
[  114870ms] [WARNING] Max polyphony exceeded. Note dropped. @ http://localhost:5173/node_modules/.vite/deps/tone.js?v=abb9aa6a:7950
[  114870ms] [WARNING] Max polyphony exceeded. Note dropped. @ http://localhost:5173/node_modules/.vite/deps/tone.js?v=abb9aa6a:7950
[  114871ms] [WARNING] Max polyphony exceeded. Note dropped. @ http://localhost:5173/node_modules/.vite/deps/tone.js?v=abb9aa6a:7950
[  114871ms] [WARNING] Max polyphony exceeded. Note dropped. @ http://localhost:5173/node_modules/.vite/deps/tone.js?v=abb9aa6a:7950
[  114871ms] [WARNING] Max polyphony exceeded. Note dropped. @ http://localhost:5173/node_modules/.vite/deps/tone.js?v=abb9aa6a:7950
[  114871ms] [WARNING] Max polyphony exceeded. Note dropped. @ http://localhost:5173/node_modules/.vite/deps/tone.js?v=abb9aa6a:7950
[  114922ms] [WARNING] Max polyphony exceeded. Note dropped. @ http://localhost:5173/node_modules/.vite/deps/tone.js?v=abb9aa6a:7950
[  114922ms] [WARNING] Max polyphony exceeded. Note dropped. @ http://localhost:5173/node_modules/.vite/deps/tone.js?v=abb9aa6a:7950
[  114923ms] [WARNING] Max polyphony exceeded. Note dropped. @ http://localhost:5173/node_modules/.vite/deps/tone.js?v=abb9aa6a:7950
[  114923ms] [WARNING] Max polyphony exceeded. Note dropped. @ http://localhost:5173/node_modules/.vite/deps/tone.js?v=abb9aa6a:7950
[  114923ms] [WARNING] Max polyphony exceeded. Note dropped. @ http://localhost:5173/node_modules/.vite/deps/tone.js?v=abb9aa6a:7950
[  114923ms] [WARNING] Max polyphony exceeded. Note dropped. @ http://localhost:5173/node_modules/.vite/deps/tone.js?v=abb9aa6a:7950
[  114923ms] [WARNING] Max polyphony exceeded. Note dropped. @ http://localhost:5173/node_modules/.vite/deps/tone.js?v=abb9aa6a:7950
[  114925ms] [WARNING] Max polyphony exceeded. Note dropped. @ http://localhost:5173/node_modules/.vite/deps/tone.js?v=abb9aa6a:7950
[  114925ms] [WARNING] Max polyphony exceeded. Note dropped. @ http://localhost:5173/node_modules/.vite/deps/tone.js?v=abb9aa6a:7950
[  114925ms] [WARNING] Max polyphony exceeded. Note dropped. @ http://localhost:5173/node_modules/.vite/deps/tone.js?v=abb9aa6a:7950
[  114925ms] [WARNING] Max polyphony exceeded. Note dropped. @ http://localhost:5173/node_modules/.vite/deps/tone.js?v=abb9aa6a:7950
[  114925ms] [WARNING] Max polyphony exceeded. Note dropped. @ http://localhost:5173/node_modules/.vite/deps/tone.js?v=abb9aa6a:7950
[  114925ms] [WARNING] Max polyphony exceeded. Note dropped. @ http://localhost:5173/node_modules/.vite/deps/tone.js?v=abb9aa6a:7950
[  114976ms] [WARNING] Max polyphony exceeded. Note dropped. @ http://localhost:5173/node_modules/.vite/deps/tone.js?v=abb9aa6a:7950
[  114976ms] [WARNING] Max polyphony exceeded. Note dropped. @ http://localhost:5173/node_modules/.vite/deps/tone.js?v=abb9aa6a:7950
[  114976ms] [WARNING] Max polyphony exceeded. Note dropped. @ http://localhost:5173/node_modules/.vite/deps/tone.js?v=abb9aa6a:7950
[  114976ms] [WARNING] Max polyphony exceeded. Note dropped. @ http://localhost:5173/node_modules/.vite/deps/tone.js?v=abb9aa6a:7950
[  114976ms] [WARNING] Max polyphony exceeded. Note dropped. @ http://localhost:5173/node_modules/.vite/deps/tone.js?v=abb9aa6a:7950
[  114976ms] [WARNING] Max polyphony exceeded. Note dropped. @ http://localhost:5173/node_modules/.vite/deps/tone.js?v=abb9aa6a:7950
[  115030ms] [WARNING] Max polyphony exceeded. Note dropped. @ http://localhost:5173/node_modules/.vite/deps/tone.js?v=abb9aa6a:7950
[  115030ms] [WARNING] Max polyphony exceeded. Note dropped. @ http://localhost:5173/node_modules/.vite/deps/tone.js?v=abb9aa6a:7950
[  115030ms] [WARNING] Max polyphony exceeded. Note dropped. @ http://localhost:5173/node_modules/.vite/deps/tone.js?v=abb9aa6a:7950
[  115030ms] [WARNING] Max polyphony exceeded. Note dropped. @ http://localhost:5173/node_modules/.vite/deps/tone.js?v=abb9aa6a:7950
[  115030ms] [WARNING] Max polyphony exceeded. Note dropped. @ http://localhost:5173/node_modules/.vite/deps/tone.js?v=abb9aa6a:7950
[  115030ms] [WARNING] Max polyphony exceeded. Note dropped. @ http://localhost:5173/node_modules/.vite/deps/tone.js?v=abb9aa6a:7950
[  115031ms] [WARNING] Max polyphony exceeded. Note dropped. @ http://localhost:5173/node_modules/.vite/deps/tone.js?v=abb9aa6a:7950
[  115035ms] [WARNING] Events scheduled inside of scheduled callbacks should use the passed in scheduling time. See https://github.com/Tonejs/Tone.js/wiki/Accurate-Timing @ http://localhost:5173/node_modules/.vite/deps/tone.js?v=abb9aa6a:7950
[  115035ms] [WARNING] Max polyphony exceeded. Note dropped. @ http://localhost:5173/node_modules/.vite/deps/tone.js?v=abb9aa6a:7950
[  115035ms] [WARNING] Max polyphony exceeded. Note dropped. @ http://localhost:5173/node_modules/.vite/deps/tone.js?v=abb9aa6a:7950
[  115036ms] [WARNING] Max polyphony exceeded. Note dropped. @ http://localhost:5173/node_modules/.vite/deps/tone.js?v=abb9aa6a:7950
[  115036ms] [WARNING] Max polyphony exceeded. Note dropped. @ http://localhost:5173/node_modules/.vite/deps/tone.js?v=abb9aa6a:7950
[  116216ms] [WARNING] Max polyphony exceeded. Note dropped. @ http://localhost:5173/node_modules/.vite/deps/tone.js?v=abb9aa6a:7950
[  116430ms] Error: Start time must be strictly greater than previous start time
    at assert (http://localhost:5173/node_modules/.vite/deps/tone.js?v=abb9aa6a:7919:11)
    at _Noise.start (http://localhost:5173/node_modules/.vite/deps/tone.js?v=abb9aa6a:14271:7)
    at _NoiseSynth.triggerAttack (http://localhost:5173/node_modules/.vite/deps/tone.js?v=abb9aa6a:19319:16)
    at _NoiseSynth.triggerAttackRelease (http://localhost:5173/node_modules/.vite/deps/tone.js?v=abb9aa6a:19354:10)
    at _Part.callback (http://localhost:5173/src/layers/runs.js:34:19)
    at _Part._tick (http://localhost:5173/node_modules/.vite/deps/tone.js?v=abb9aa6a:20982:12)
    at _ToneEvent._tick (http://localhost:5173/node_modules/.vite/deps/tone.js?v=abb9aa6a:20500:12)
    at _TransportEvent.invoke (http://localhost:5173/node_modules/.vite/deps/tone.js?v=abb9aa6a:13575:12)
    at http://localhost:5173/node_modules/.vite/deps/tone.js?v=abb9aa6a:13740:58
    at http://localhost:5173/node_modules/.vite/deps/tone.js?v=abb9aa6a:8564:9
[  116902ms] Error: Start time must be strictly greater than previous start time
    at assert (http://localhost:5173/node_modules/.vite/deps/tone.js?v=abb9aa6a:7919:11)
    at _Noise.start (http://localhost:5173/node_modules/.vite/deps/tone.js?v=abb9aa6a:14271:7)
    at _NoiseSynth.triggerAttack (http://localhost:5173/node_modules/.vite/deps/tone.js?v=abb9aa6a:19319:16)
    at _NoiseSynth.triggerAttackRelease (http://localhost:5173/node_modules/.vite/deps/tone.js?v=abb9aa6a:19354:10)
    at _Part.callback (http://localhost:5173/src/layers/runs.js:34:19)
    at _Part._tick (http://localhost:5173/node_modules/.vite/deps/tone.js?v=abb9aa6a:20982:12)
    at _ToneEvent._tick (http://localhost:5173/node_modules/.vite/deps/tone.js?v=abb9aa6a:20500:12)
    at _TransportEvent.invoke (http://localhost:5173/node_modules/.vite/deps/tone.js?v=abb9aa6a:13575:12)
    at http://localhost:5173/node_modules/.vite/deps/tone.js?v=abb9aa6a:13740:58
    at http://localhost:5173/node_modules/.vite/deps/tone.js?v=abb9aa6a:8564:9
[  121283ms] [WARNING] Max polyphony exceeded. Note dropped. @ http://localhost:5173/node_modules/.vite/deps/tone.js?v=abb9aa6a:7950
[  121283ms] [WARNING] Max polyphony exceeded. Note dropped. @ http://localhost:5173/node_modules/.vite/deps/tone.js?v=abb9aa6a:7950
[  121283ms] [WARNING] Max polyphony exceeded. Note dropped. @ http://localhost:5173/node_modules/.vite/deps/tone.js?v=abb9aa6a:7950
[  121283ms] [WARNING] Max polyphony exceeded. Note dropped. @ http://localhost:5173/node_modules/.vite/deps/tone.js?v=abb9aa6a:7950
[  121283ms] [WARNING] Max polyphony exceeded. Note dropped. @ http://localhost:5173/node_modules/.vite/deps/tone.js?v=abb9aa6a:7950
[  121283ms] [WARNING] Max polyphony exceeded. Note dropped. @ http://localhost:5173/node_modules/.vite/deps/tone.js?v=abb9aa6a:7950
[  121283ms] [WARNING] Max polyphony exceeded. Note dropped. @ http://localhost:5173/node_modules/.vite/deps/tone.js?v=abb9aa6a:7950
[  121283ms] [WARNING] Max polyphony exceeded. Note dropped. @ http://localhost:5173/node_modules/.vite/deps/tone.js?v=abb9aa6a:7950
[  121283ms] [WARNING] Max polyphony exceeded. Note dropped. @ http://localhost:5173/node_modules/.vite/deps/tone.js?v=abb9aa6a:7950
[  121283ms] [WARNING] Max polyphony exceeded. Note dropped. @ http://localhost:5173/node_modules/.vite/deps/tone.js?v=abb9aa6a:7950
[  121283ms] [WARNING] Max polyphony exceeded. Note dropped. @ http://localhost:5173/node_modules/.vite/deps/tone.js?v=abb9aa6a:7950
[  121283ms] [WARNING] Max polyphony exceeded. Note dropped. @ http://localhost:5173/node_modules/.vite/deps/tone.js?v=abb9aa6a:7950
[  121284ms] [WARNING] Max polyphony exceeded. Note dropped. @ http://localhost:5173/node_modules/.vite/deps/tone.js?v=abb9aa6a:7950
[  121771ms] [WARNING] Max polyphony exceeded. Note dropped. @ http://localhost:5173/node_modules/.vite/deps/tone.js?v=abb9aa6a:7950
[  122250ms] [WARNING] Max polyphony exceeded. Note dropped. @ http://localhost:5173/node_modules/.vite/deps/tone.js?v=abb9aa6a:7950
[  122303ms] [WARNING] Max polyphony exceeded. Note dropped. @ http://localhost:5173/node_modules/.vite/deps/tone.js?v=abb9aa6a:7950
[  122303ms] [WARNING] Max polyphony exceeded. Note dropped. @ http://localhost:5173/node_modules/.vite/deps/tone.js?v=abb9aa6a:7950
[  122512ms] [WARNING] Max polyphony exceeded. Note dropped. @ http://localhost:5173/node_modules/.vite/deps/tone.js?v=abb9aa6a:7950
[  122512ms] [WARNING] Max polyphony exceeded. Note dropped. @ http://localhost:5173/node_modules/.vite/deps/tone.js?v=abb9aa6a:7950
[  122512ms] [WARNING] Max polyphony exceeded. Note dropped. @ http://localhost:5173/node_modules/.vite/deps/tone.js?v=abb9aa6a:7950
[  122512ms] [WARNING] Max polyphony exceeded. Note dropped. @ http://localhost:5173/node_modules/.vite/deps/tone.js?v=abb9aa6a:7950
[  122512ms] [WARNING] Max polyphony exceeded. Note dropped. @ http://localhost:5173/node_modules/.vite/deps/tone.js?v=abb9aa6a:7950
[  122512ms] [WARNING] Max polyphony exceeded. Note dropped. @ http://localhost:5173/node_modules/.vite/deps/tone.js?v=abb9aa6a:7950
[  122512ms] [WARNING] Max polyphony exceeded. Note dropped. @ http://localhost:5173/node_modules/.vite/deps/tone.js?v=abb9aa6a:7950
[  122512ms] [WARNING] Max polyphony exceeded. Note dropped. @ http://localhost:5173/node_modules/.vite/deps/tone.js?v=abb9aa6a:7950
[  122513ms] [WARNING] Max polyphony exceeded. Note dropped. @ http://localhost:5173/node_modules/.vite/deps/tone.js?v=abb9aa6a:7950
[  122513ms] [WARNING] Max polyphony exceeded. Note dropped. @ http://localhost:5173/node_modules/.vite/deps/tone.js?v=abb9aa6a:7950
[  122513ms] [WARNING] Max polyphony exceeded. Note dropped. @ http://localhost:5173/node_modules/.vite/deps/tone.js?v=abb9aa6a:7950
[  122513ms] [WARNING] Max polyphony exceeded. Note dropped. @ http://localhost:5173/node_modules/.vite/deps/tone.js?v=abb9aa6a:7950
[  122513ms] [WARNING] Max polyphony exceeded. Note dropped. @ http://localhost:5173/node_modules/.vite/deps/tone.js?v=abb9aa6a:7950
[  122513ms] [WARNING] Max polyphony exceeded. Note dropped. @ http://localhost:5173/node_modules/.vite/deps/tone.js?v=abb9aa6a:7950
[  122513ms] [WARNING] Max polyphony exceeded. Note dropped. @ http://localhost:5173/node_modules/.vite/deps/tone.js?v=abb9aa6a:7950
[  122513ms] [WARNING] Max polyphony exceeded. Note dropped. @ http://localhost:5173/node_modules/.vite/deps/tone.js?v=abb9aa6a:7950
[  122513ms] [WARNING] Max polyphony exceeded. Note dropped. @ http://localhost:5173/node_modules/.vite/deps/tone.js?v=abb9aa6a:7950
[  122513ms] [WARNING] Max polyphony exceeded. Note dropped. @ http://localhost:5173/node_modules/.vite/deps/tone.js?v=abb9aa6a:7950
[  122513ms] [WARNING] Max polyphony exceeded. Note dropped. @ http://localhost:5173/node_modules/.vite/deps/tone.js?v=abb9aa6a:7950
[  122563ms] [WARNING] Max polyphony exceeded. Note dropped. @ http://localhost:5173/node_modules/.vite/deps/tone.js?v=abb9aa6a:7950
[  122563ms] [WARNING] Max polyphony exceeded. Note dropped. @ http://localhost:5173/node_modules/.vite/deps/tone.js?v=abb9aa6a:7950
[  122563ms] [WARNING] Max polyphony exceeded. Note dropped. @ http://localhost:5173/node_modules/.vite/deps/tone.js?v=abb9aa6a:7950
[  122563ms] [WARNING] Max polyphony exceeded. Note dropped. @ http://localhost:5173/node_modules/.vite/deps/tone.js?v=abb9aa6a:7950
[  122780ms] [WARNING] Max polyphony exceeded. Note dropped. @ http://localhost:5173/node_modules/.vite/deps/tone.js?v=abb9aa6a:7950
[  122780ms] [WARNING] Max polyphony exceeded. Note dropped. @ http://localhost:5173/node_modules/.vite/deps/tone.js?v=abb9aa6a:7950
[  122780ms] [WARNING] Max polyphony exceeded. Note dropped. @ http://localhost:5173/node_modules/.vite/deps/tone.js?v=abb9aa6a:7950
[  122780ms] [WARNING] Max polyphony exceeded. Note dropped. @ http://localhost:5173/node_modules/.vite/deps/tone.js?v=abb9aa6a:7950
[  122780ms] [WARNING] Max polyphony exceeded. Note dropped. @ http://localhost:5173/node_modules/.vite/deps/tone.js?v=abb9aa6a:7950
[  122780ms] [WARNING] Max polyphony exceeded. Note dropped. @ http://localhost:5173/node_modules/.vite/deps/tone.js?v=abb9aa6a:7950
[  122780ms] [WARNING] Max polyphony exceeded. Note dropped. @ http://localhost:5173/node_modules/.vite/deps/tone.js?v=abb9aa6a:7950
[  122780ms] [WARNING] Max polyphony exceeded. Note dropped. @ http://localhost:5173/node_modules/.vite/deps/tone.js?v=abb9aa6a:7950
[  122780ms] [WARNING] Max polyphony exceeded. Note dropped. @ http://localhost:5173/node_modules/.vite/deps/tone.js?v=abb9aa6a:7950
[  122780ms] [WARNING] Max polyphony exceeded. Note dropped. @ http://localhost:5173/node_modules/.vite/deps/tone.js?v=abb9aa6a:7950
[  122781ms] [WARNING] Max polyphony exceeded. Note dropped. @ http://localhost:5173/node_modules/.vite/deps/tone.js?v=abb9aa6a:7950
[  122781ms] [WARNING] Max polyphony exceeded. Note dropped. @ http://localhost:5173/node_modules/.vite/deps/tone.js?v=abb9aa6a:7950
[  122781ms] [WARNING] Max polyphony exceeded. Note dropped. @ http://localhost:5173/node_modules/.vite/deps/tone.js?v=abb9aa6a:7950
[  124208ms] [WARNING] Max polyphony exceeded. Note dropped. @ http://localhost:5173/node_modules/.vite/deps/tone.js?v=abb9aa6a:7950
[  124210ms] [WARNING] Max polyphony exceeded. Note dropped. @ http://localhost:5173/node_modules/.vite/deps/tone.js?v=abb9aa6a:7950
[  124211ms] [WARNING] Max polyphony exceeded. Note dropped. @ http://localhost:5173/node_modules/.vite/deps/tone.js?v=abb9aa6a:7950
[  124211ms] [WARNING] Max polyphony exceeded. Note dropped. @ http://localhost:5173/node_modules/.vite/deps/tone.js?v=abb9aa6a:7950
[  124211ms] [WARNING] Max polyphony exceeded. Note dropped. @ http://localhost:5173/node_modules/.vite/deps/tone.js?v=abb9aa6a:7950
[  124258ms] [WARNING] Max polyphony exceeded. Note dropped. @ http://localhost:5173/node_modules/.vite/deps/tone.js?v=abb9aa6a:7950
[  124258ms] [WARNING] Max polyphony exceeded. Note dropped. @ http://localhost:5173/node_modules/.vite/deps/tone.js?v=abb9aa6a:7950
[  124258ms] [WARNING] Max polyphony exceeded. Note dropped. @ http://localhost:5173/node_modules/.vite/deps/tone.js?v=abb9aa6a:7950
[  124258ms] [WARNING] Max polyphony exceeded. Note dropped. @ http://localhost:5173/node_modules/.vite/deps/tone.js?v=abb9aa6a:7950
[  124258ms] [WARNING] Max polyphony exceeded. Note dropped. @ http://localhost:5173/node_modules/.vite/deps/tone.js?v=abb9aa6a:7950
[  124258ms] [WARNING] Max polyphony exceeded. Note dropped. @ http://localhost:5173/node_modules/.vite/deps/tone.js?v=abb9aa6a:7950
[  124310ms] [WARNING] Max polyphony exceeded. Note dropped. @ http://localhost:5173/node_modules/.vite/deps/tone.js?v=abb9aa6a:7950
[  124310ms] [WARNING] Max polyphony exceeded. Note dropped. @ http://localhost:5173/node_modules/.vite/deps/tone.js?v=abb9aa6a:7950
[  124312ms] [WARNING] Max polyphony exceeded. Note dropped. @ http://localhost:5173/node_modules/.vite/deps/tone.js?v=abb9aa6a:7950
[  124312ms] [WARNING] Max polyphony exceeded. Note dropped. @ http://localhost:5173/node_modules/.vite/deps/tone.js?v=abb9aa6a:7950
[  124312ms] [WARNING] Max polyphony exceeded. Note dropped. @ http://localhost:5173/node_modules/.vite/deps/tone.js?v=abb9aa6a:7950
[  124312ms] [WARNING] Max polyphony exceeded. Note dropped. @ http://localhost:5173/node_modules/.vite/deps/tone.js?v=abb9aa6a:7950
[  124312ms] [WARNING] Max polyphony exceeded. Note dropped. @ http://localhost:5173/node_modules/.vite/deps/tone.js?v=abb9aa6a:7950
[  124313ms] [WARNING] Max polyphony exceeded. Note dropped. @ http://localhost:5173/node_modules/.vite/deps/tone.js?v=abb9aa6a:7950
[  124420ms] [WARNING] Max polyphony exceeded. Note dropped. @ http://localhost:5173/node_modules/.vite/deps/tone.js?v=abb9aa6a:7950
[  124420ms] [WARNING] Max polyphony exceeded. Note dropped. @ http://localhost:5173/node_modules/.vite/deps/tone.js?v=abb9aa6a:7950
[  124421ms] [WARNING] Max polyphony exceeded. Note dropped. @ http://localhost:5173/node_modules/.vite/deps/tone.js?v=abb9aa6a:7950
[  124421ms] [WARNING] Max polyphony exceeded. Note dropped. @ http://localhost:5173/node_modules/.vite/deps/tone.js?v=abb9aa6a:7950
[  124421ms] [WARNING] Max polyphony exceeded. Note dropped. @ http://localhost:5173/node_modules/.vite/deps/tone.js?v=abb9aa6a:7950
[  124421ms] [WARNING] Max polyphony exceeded. Note dropped. @ http://localhost:5173/node_modules/.vite/deps/tone.js?v=abb9aa6a:7950
[  124847ms] [WARNING] Max polyphony exceeded. Note dropped. @ http://localhost:5173/node_modules/.vite/deps/tone.js?v=abb9aa6a:7950
[  124847ms] [WARNING] Max polyphony exceeded. Note dropped. @ http://localhost:5173/node_modules/.vite/deps/tone.js?v=abb9aa6a:7950
[  124847ms] [WARNING] Max polyphony exceeded. Note dropped. @ http://localhost:5173/node_modules/.vite/deps/tone.js?v=abb9aa6a:7950
[  124847ms] [WARNING] Max polyphony exceeded. Note dropped. @ http://localhost:5173/node_modules/.vite/deps/tone.js?v=abb9aa6a:7950
[  124847ms] [WARNING] Max polyphony exceeded. Note dropped. @ http://localhost:5173/node_modules/.vite/deps/tone.js?v=abb9aa6a:7950
[  124847ms] [WARNING] Max polyphony exceeded. Note dropped. @ http://localhost:5173/node_modules/.vite/deps/tone.js?v=abb9aa6a:7950
[  124847ms] [WARNING] Max polyphony exceeded. Note dropped. @ http://localhost:5173/node_modules/.vite/deps/tone.js?v=abb9aa6a:7950
[  124847ms] [WARNING] Max polyphony exceeded. Note dropped. @ http://localhost:5173/node_modules/.vite/deps/tone.js?v=abb9aa6a:7950
[  124848ms] [WARNING] Max polyphony exceeded. Note dropped. @ http://localhost:5173/node_modules/.vite/deps/tone.js?v=abb9aa6a:7950
[  124848ms] [WARNING] Max polyphony exceeded. Note dropped. @ http://localhost:5173/node_modules/.vite/deps/tone.js?v=abb9aa6a:7950
[  124848ms] [WARNING] Max polyphony exceeded. Note dropped. @ http://localhost:5173/node_modules/.vite/deps/tone.js?v=abb9aa6a:7950
[  124848ms] [WARNING] Max polyphony exceeded. Note dropped. @ http://localhost:5173/node_modules/.vite/deps/tone.js?v=abb9aa6a:7950
[  124848ms] [WARNING] Max polyphony exceeded. Note dropped. @ http://localhost:5173/node_modules/.vite/deps/tone.js?v=abb9aa6a:7950
[  124848ms] [WARNING] Max polyphony exceeded. Note dropped. @ http://localhost:5173/node_modules/.vite/deps/tone.js?v=abb9aa6a:7950
[  124848ms] [WARNING] Max polyphony exceeded. Note dropped. @ http://localhost:5173/node_modules/.vite/deps/tone.js?v=abb9aa6a:7950
[  124848ms] [WARNING] Max polyphony exceeded. Note dropped. @ http://localhost:5173/node_modules/.vite/deps/tone.js?v=abb9aa6a:7950
[  124848ms] [WARNING] Max polyphony exceeded. Note dropped. @ http://localhost:5173/node_modules/.vite/deps/tone.js?v=abb9aa6a:7950
[  124900ms] [WARNING] Max polyphony exceeded. Note dropped. @ http://localhost:5173/node_modules/.vite/deps/tone.js?v=abb9aa6a:7950
[  124900ms] [WARNING] Max polyphony exceeded. Note dropped. @ http://localhost:5173/node_modules/.vite/deps/tone.js?v=abb9aa6a:7950
[  124900ms] [WARNING] Max polyphony exceeded. Note dropped. @ http://localhost:5173/node_modules/.vite/deps/tone.js?v=abb9aa6a:7950
[  124900ms] [WARNING] Max polyphony exceeded. Note dropped. @ http://localhost:5173/node_modules/.vite/deps/tone.js?v=abb9aa6a:7950
[  124900ms] [WARNING] Max polyphony exceeded. Note dropped. @ http://localhost:5173/node_modules/.vite/deps/tone.js?v=abb9aa6a:7950
[  124901ms] [WARNING] Max polyphony exceeded. Note dropped. @ http://localhost:5173/node_modules/.vite/deps/tone.js?v=abb9aa6a:7950
[  124901ms] [WARNING] Max polyphony exceeded. Note dropped. @ http://localhost:5173/node_modules/.vite/deps/tone.js?v=abb9aa6a:7950
[  124901ms] [WARNING] Max polyphony exceeded. Note dropped. @ http://localhost:5173/node_modules/.vite/deps/tone.js?v=abb9aa6a:7950
[  124901ms] [WARNING] Max polyphony exceeded. Note dropped. @ http://localhost:5173/node_modules/.vite/deps/tone.js?v=abb9aa6a:7950
[  124901ms] [WARNING] Max polyphony exceeded. Note dropped. @ http://localhost:5173/node_modules/.vite/deps/tone.js?v=abb9aa6a:7950
[  124901ms] [WARNING] Max polyphony exceeded. Note dropped. @ http://localhost:5173/node_modules/.vite/deps/tone.js?v=abb9aa6a:7950
[  124901ms] [WARNING] Max polyphony exceeded. Note dropped. @ http://localhost:5173/node_modules/.vite/deps/tone.js?v=abb9aa6a:7950
[  124901ms] [WARNING] Max polyphony exceeded. Note dropped. @ http://localhost:5173/node_modules/.vite/deps/tone.js?v=abb9aa6a:7950
[  124901ms] [WARNING] Max polyphony exceeded. Note dropped. @ http://localhost:5173/node_modules/.vite/deps/tone.js?v=abb9aa6a:7950
[  124901ms] [WARNING] Max polyphony exceeded. Note dropped. @ http://localhost:5173/node_modules/.vite/deps/tone.js?v=abb9aa6a:7950
[  124901ms] [WARNING] Max polyphony exceeded. Note dropped. @ http://localhost:5173/node_modules/.vite/deps/tone.js?v=abb9aa6a:7950
[  124901ms] [WARNING] Max polyphony exceeded. Note dropped. @ http://localhost:5173/node_modules/.vite/deps/tone.js?v=abb9aa6a:7950
[  124901ms] [WARNING] Max polyphony exceeded. Note dropped. @ http://localhost:5173/node_modules/.vite/deps/tone.js?v=abb9aa6a:7950
[  124901ms] [WARNING] Max polyphony exceeded. Note dropped. @ http://localhost:5173/node_modules/.vite/deps/tone.js?v=abb9aa6a:7950
[  124901ms] [WARNING] Max polyphony exceeded. Note dropped. @ http://localhost:5173/node_modules/.vite/deps/tone.js?v=abb9aa6a:7950
[  124901ms] [WARNING] Max polyphony exceeded. Note dropped. @ http://localhost:5173/node_modules/.vite/deps/tone.js?v=abb9aa6a:7950
[  124902ms] [WARNING] Max polyphony exceeded. Note dropped. @ http://localhost:5173/node_modules/.vite/deps/tone.js?v=abb9aa6a:7950
[  124902ms] [WARNING] Max polyphony exceeded. Note dropped. @ http://localhost:5173/node_modules/.vite/deps/tone.js?v=abb9aa6a:7950
[  124902ms] [WARNING] Max polyphony exceeded. Note dropped. @ http://localhost:5173/node_modules/.vite/deps/tone.js?v=abb9aa6a:7950
[  124902ms] [WARNING] Max polyphony exceeded. Note dropped. @ http://localhost:5173/node_modules/.vite/deps/tone.js?v=abb9aa6a:7950
[  124902ms] [WARNING] Max polyphony exceeded. Note dropped. @ http://localhost:5173/node_modules/.vite/deps/tone.js?v=abb9aa6a:7950
[  124902ms] [WARNING] Max polyphony exceeded. Note dropped. @ http://localhost:5173/node_modules/.vite/deps/tone.js?v=abb9aa6a:7950
[  124902ms] [WARNING] Max polyphony exceeded. Note dropped. @ http://localhost:5173/node_modules/.vite/deps/tone.js?v=abb9aa6a:7950
[  124902ms] [WARNING] Max polyphony exceeded. Note dropped. @ http://localhost:5173/node_modules/.vite/deps/tone.js?v=abb9aa6a:7950
[  124954ms] [WARNING] Max polyphony exceeded. Note dropped. @ http://localhost:5173/node_modules/.vite/deps/tone.js?v=abb9aa6a:7950
[  124955ms] [WARNING] Max polyphony exceeded. Note dropped. @ http://localhost:5173/node_modules/.vite/deps/tone.js?v=abb9aa6a:7950
[  124955ms] [WARNING] Max polyphony exceeded. Note dropped. @ http://localhost:5173/node_modules/.vite/deps/tone.js?v=abb9aa6a:7950
[  124955ms] [WARNING] Max polyphony exceeded. Note dropped. @ http://localhost:5173/node_modules/.vite/deps/tone.js?v=abb9aa6a:7950
[  124955ms] [WARNING] Max polyphony exceeded. Note dropped. @ http://localhost:5173/node_modules/.vite/deps/tone.js?v=abb9aa6a:7950
[  124955ms] [WARNING] Max polyphony exceeded. Note dropped. @ http://localhost:5173/node_modules/.vite/deps/tone.js?v=abb9aa6a:7950
[  124955ms] [WARNING] Max polyphony exceeded. Note dropped. @ http://localhost:5173/node_modules/.vite/deps/tone.js?v=abb9aa6a:7950
[  124955ms] [WARNING] Max polyphony exceeded. Note dropped. @ http://localhost:5173/node_modules/.vite/deps/tone.js?v=abb9aa6a:7950
[  124955ms] [WARNING] Max polyphony exceeded. Note dropped. @ http://localhost:5173/node_modules/.vite/deps/tone.js?v=abb9aa6a:7950
[  124955ms] [WARNING] Max polyphony exceeded. Note dropped. @ http://localhost:5173/node_modules/.vite/deps/tone.js?v=abb9aa6a:7950
[  124955ms] [WARNING] Max polyphony exceeded. Note dropped. @ http://localhost:5173/node_modules/.vite/deps/tone.js?v=abb9aa6a:7950
[  124955ms] [WARNING] Max polyphony exceeded. Note dropped. @ http://localhost:5173/node_modules/.vite/deps/tone.js?v=abb9aa6a:7950
[  124955ms] [WARNING] Max polyphony exceeded. Note dropped. @ http://localhost:5173/node_modules/.vite/deps/tone.js?v=abb9aa6a:7950
[  124955ms] [WARNING] Max polyphony exceeded. Note dropped. @ http://localhost:5173/node_modules/.vite/deps/tone.js?v=abb9aa6a:7950
[  124955ms] [WARNING] Max polyphony exceeded. Note dropped. @ http://localhost:5173/node_modules/.vite/deps/tone.js?v=abb9aa6a:7950
[  124955ms] [WARNING] Max polyphony exceeded. Note dropped. @ http://localhost:5173/node_modules/.vite/deps/tone.js?v=abb9aa6a:7950
[  124956ms] [WARNING] Max polyphony exceeded. Note dropped. @ http://localhost:5173/node_modules/.vite/deps/tone.js?v=abb9aa6a:7950
[  124956ms] [WARNING] Max polyphony exceeded. Note dropped. @ http://localhost:5173/node_modules/.vite/deps/tone.js?v=abb9aa6a:7950
[  124956ms] [WARNING] Max polyphony exceeded. Note dropped. @ http://localhost:5173/node_modules/.vite/deps/tone.js?v=abb9aa6a:7950
[  124956ms] [WARNING] Max polyphony exceeded. Note dropped. @ http://localhost:5173/node_modules/.vite/deps/tone.js?v=abb9aa6a:7950
[  124956ms] [WARNING] Max polyphony exceeded. Note dropped. @ http://localhost:5173/node_modules/.vite/deps/tone.js?v=abb9aa6a:7950
[  124956ms] [WARNING] Max polyphony exceeded. Note dropped. @ http://localhost:5173/node_modules/.vite/deps/tone.js?v=abb9aa6a:7950
[  124956ms] [WARNING] Max polyphony exceeded. Note dropped. @ http://localhost:5173/node_modules/.vite/deps/tone.js?v=abb9aa6a:7950
[  124956ms] [WARNING] Max polyphony exceeded. Note dropped. @ http://localhost:5173/node_modules/.vite/deps/tone.js?v=abb9aa6a:7950
[  124956ms] [WARNING] Max polyphony exceeded. Note dropped. @ http://localhost:5173/node_modules/.vite/deps/tone.js?v=abb9aa6a:7950
[  124956ms] [WARNING] Max polyphony exceeded. Note dropped. @ http://localhost:5173/node_modules/.vite/deps/tone.js?v=abb9aa6a:7950
[  124956ms] [WARNING] Max polyphony exceeded. Note dropped. @ http://localhost:5173/node_modules/.vite/deps/tone.js?v=abb9aa6a:7950
[  124956ms] [WARNING] Max polyphony exceeded. Note dropped. @ http://localhost:5173/node_modules/.vite/deps/tone.js?v=abb9aa6a:7950
[  124956ms] [WARNING] Max polyphony exceeded. Note dropped. @ http://localhost:5173/node_modules/.vite/deps/tone.js?v=abb9aa6a:7950
[  125010ms] [WARNING] Max polyphony exceeded. Note dropped. @ http://localhost:5173/node_modules/.vite/deps/tone.js?v=abb9aa6a:7950
[  125010ms] [WARNING] Max polyphony exceeded. Note dropped. @ http://localhost:5173/node_modules/.vite/deps/tone.js?v=abb9aa6a:7950
[  125010ms] [WARNING] Max polyphony exceeded. Note dropped. @ http://localhost:5173/node_modules/.vite/deps/tone.js?v=abb9aa6a:7950
[  125010ms] [WARNING] Max polyphony exceeded. Note dropped. @ http://localhost:5173/node_modules/.vite/deps/tone.js?v=abb9aa6a:7950
[  125011ms] [WARNING] Max polyphony exceeded. Note dropped. @ http://localhost:5173/node_modules/.vite/deps/tone.js?v=abb9aa6a:7950
[  125011ms] [WARNING] Max polyphony exceeded. Note dropped. @ http://localhost:5173/node_modules/.vite/deps/tone.js?v=abb9aa6a:7950
[  125011ms] [WARNING] Max polyphony exceeded. Note dropped. @ http://localhost:5173/node_modules/.vite/deps/tone.js?v=abb9aa6a:7950
[  125059ms] [WARNING] Max polyphony exceeded. Note dropped. @ http://localhost:5173/node_modules/.vite/deps/tone.js?v=abb9aa6a:7950
[  125059ms] [WARNING] Max polyphony exceeded. Note dropped. @ http://localhost:5173/node_modules/.vite/deps/tone.js?v=abb9aa6a:7950
[  125385ms] [WARNING] Max polyphony exceeded. Note dropped. @ http://localhost:5173/node_modules/.vite/deps/tone.js?v=abb9aa6a:7950
[  125385ms] [WARNING] Max polyphony exceeded. Note dropped. @ http://localhost:5173/node_modules/.vite/deps/tone.js?v=abb9aa6a:7950
[  368451ms] [LOG] %c * Tone.js v15.1.22 *  background: #000; color: #fff @ http://localhost:5173/node_modules/.vite/deps/tone.js?v=abb9aa6a:9690
[  408872ms] [LOG] %c * Tone.js v15.1.22 *  background: #000; color: #fff @ http://localhost:5173/node_modules/.vite/deps/tone.js?v=abb9aa6a:9690
[  427236ms] [LOG] %c * Tone.js v15.1.22 *  background: #000; color: #fff @ http://localhost:5173/node_modules/.vite/deps/tone.js?v=abb9aa6a:9690
[  437338ms] [LOG] %c * Tone.js v15.1.22 *  background: #000; color: #fff @ http://localhost:5173/node_modules/.vite/deps/tone.js?v=abb9aa6a:9690
[  448850ms] [LOG] %c * Tone.js v15.1.22 *  background: #000; color: #fff @ http://localhost:5173/node_modules/.vite/deps/tone.js?v=abb9aa6a:9690
[  475410ms] [LOG] %c * Tone.js v15.1.22 *  background: #000; color: #fff @ http://localhost:5173/node_modules/.vite/deps/tone.js?v=abb9aa6a:9690
[  485484ms] [LOG] %c * Tone.js v15.1.22 *  background: #000; color: #fff @ http://localhost:5173/node_modules/.vite/deps/tone.js?v=abb9aa6a:9690
[  493681ms] [LOG] %c * Tone.js v15.1.22 *  background: #000; color: #fff @ http://localhost:5173/node_modules/.vite/deps/tone.js?v=abb9aa6a:9690
[  504860ms] [LOG] %c * Tone.js v15.1.22 *  background: #000; color: #fff @ http://localhost:5173/node_modules/.vite/deps/tone.js?v=abb9aa6a:9690
