[      67ms] [LOG] %c * Tone.js v15.1.22 *  background: #000; color: #fff @ http://localhost:5173/node_modules/.vite/deps/tone.js?v=abb9aa6a:9690
[     103ms] [WARNING] The AudioContext was not allowed to start. It must be resumed (or created) after a user gesture on the page. https://developer.chrome.com/blog/autoplay/#web_audio @ http://localhost:5173/node_modules/.vite/deps/tone.js?v=abb9aa6a:7610
[     104ms] [WARNING] The AudioContext was not allowed to start. It must be resumed (or created) after a user gesture on the page. https://developer.chrome.com/blog/autoplay/#web_audio @ http://localhost:5173/node_modules/.vite/deps/tone.js?v=abb9aa6a:2867
[   14293ms] [ERROR] Failed to load resource: the server responded with a status of 404 (Not Found) @ http://localhost:5173/favicon.ico:0
[   93805ms] [WARNING] Events scheduled inside of scheduled callbacks should use the passed in scheduling time. See https://github.com/Tonejs/Tone.js/wiki/Accurate-Timing @ http://localhost:5173/node_modules/.vite/deps/tone.js?v=abb9aa6a:7950
[  101809ms] [WARNING] Max polyphony exceeded. Note dropped. @ http://localhost:5173/node_modules/.vite/deps/tone.js?v=abb9aa6a:7950
[  102498ms] [WARNING] Max polyphony exceeded. Note dropped. @ http://localhost:5173/node_modules/.vite/deps/tone.js?v=abb9aa6a:7950
[  102715ms] [WARNING] Max polyphony exceeded. Note dropped. @ http://localhost:5173/node_modules/.vite/deps/tone.js?v=abb9aa6a:7950
[  102721ms] [WARNING] Max polyphony exceeded. Note dropped. @ http://localhost:5173/node_modules/.vite/deps/tone.js?v=abb9aa6a:7950
[  102721ms] [WARNING] Max polyphony exceeded. Note dropped. @ http://localhost:5173/node_modules/.vite/deps/tone.js?v=abb9aa6a:7950
[  102769ms] [WARNING] Max polyphony exceeded. Note dropped. @ http://localhost:5173/node_modules/.vite/deps/tone.js?v=abb9aa6a:7950
[  102769ms] [WARNING] Max polyphony exceeded. Note dropped. @ http://localhost:5173/node_modules/.vite/deps/tone.js?v=abb9aa6a:7950
[  876450ms] [LOG] %c * Tone.js v15.1.22 *  background: #000; color: #fff @ http://localhost:5173/node_modules/.vite/deps/tone.js?v=abb9aa6a:9690
[  880548ms] [LOG] %c * Tone.js v15.1.22 *  background: #000; color: #fff @ http://localhost:5173/node_modules/.vite/deps/tone.js?v=abb9aa6a:9690
[  880681ms] ReferenceError: getDateRange is not defined
    at boot (http://localhost:5173/src/main.js?t=1777263125812:40:26)
[  886625ms] [LOG] %c * Tone.js v15.1.22 *  background: #000; color: #fff @ http://localhost:5173/node_modules/.vite/deps/tone.js?v=abb9aa6a:9690
[  899921ms] [LOG] %c * Tone.js v15.1.22 *  background: #000; color: #fff @ http://localhost:5173/node_modules/.vite/deps/tone.js?v=abb9aa6a:9690
[ 1171662ms] [LOG] %c * Tone.js v15.1.22 *  background: #000; color: #fff @ http://localhost:5173/node_modules/.vite/deps/tone.js?v=abb9aa6a:9690
[ 1173427ms] [LOG] %c * Tone.js v15.1.22 *  background: #000; color: #fff @ http://localhost:5173/node_modules/.vite/deps/tone.js?v=abb9aa6a:9690
[ 1177157ms] [LOG] %c * Tone.js v15.1.22 *  background: #000; color: #fff @ http://localhost:5173/node_modules/.vite/deps/tone.js?v=abb9aa6a:9690
[ 2616964ms] [LOG] %c * Tone.js v15.1.22 *  background: #000; color: #fff @ http://localhost:5173/node_modules/.vite/deps/tone.js?v=abb9aa6a:9690
[ 2619697ms] [LOG] %c * Tone.js v15.1.22 *  background: #000; color: #fff @ http://localhost:5173/node_modules/.vite/deps/tone.js?v=abb9aa6a:9690
[ 2624999ms] [LOG] %c * Tone.js v15.1.22 *  background: #000; color: #fff @ http://localhost:5173/node_modules/.vite/deps/tone.js?v=abb9aa6a:9690
[ 2627642ms] [LOG] %c * Tone.js v15.1.22 *  background: #000; color: #fff @ http://localhost:5173/node_modules/.vite/deps/tone.js?v=abb9aa6a:9690
[ 2631064ms] [LOG] %c * Tone.js v15.1.22 *  background: #000; color: #fff @ http://localhost:5173/node_modules/.vite/deps/tone.js?v=abb9aa6a:9690
[ 3914406ms] [LOG] %c * Tone.js v15.1.22 *  background: #000; color: #fff @ http://localhost:5173/node_modules/.vite/deps/tone.js?v=abb9aa6a:9690
[ 3915255ms] [LOG] %c * Tone.js v15.1.22 *  background: #000; color: #fff @ http://localhost:5173/node_modules/.vite/deps/tone.js?v=abb9aa6a:9690
[ 3916083ms] [LOG] %c * Tone.js v15.1.22 *  background: #000; color: #fff @ http://localhost:5173/node_modules/.vite/deps/tone.js?v=abb9aa6a:9690
[ 3923557ms] [LOG] %c * Tone.js v15.1.22 *  background: #000; color: #fff @ http://localhost:5173/node_modules/.vite/deps/tone.js?v=abb9aa6a:9690
[ 3924962ms] [LOG] %c * Tone.js v15.1.22 *  background: #000; color: #fff @ http://localhost:5173/node_modules/.vite/deps/tone.js?v=abb9aa6a:9690
[ 3925879ms] [LOG] %c * Tone.js v15.1.22 *  background: #000; color: #fff @ http://localhost:5173/node_modules/.vite/deps/tone.js?v=abb9aa6a:9690
[ 3929903ms] [LOG] %c * Tone.js v15.1.22 *  background: #000; color: #fff @ http://localhost:5173/node_modules/.vite/deps/tone.js?v=abb9aa6a:9690
[ 3931262ms] The requested module '/src/layers/commits.js?t=1777266176496' does not provide an export named 'setMuted'
[ 3935280ms] The requested module '/src/layers/commits.js?t=1777266176496' does not provide an export named 'setMuted'
[ 3936422ms] The requested module '/src/layers/commits.js?t=1777266176496' does not provide an export named 'setMuted'
[ 3941135ms] The requested module '/src/layers/commits.js?t=1777266176496' does not provide an export named 'setMuted'
[ 3942782ms] The requested module '/src/layers/commits.js?t=1777266176496' does not provide an export named 'setMuted'
[ 3946366ms] The requested module '/src/layers/commits.js?t=1777266176496' does not provide an export named 'setMuted'
[ 3947393ms] The requested module '/src/layers/commits.js?t=1777266176496' does not provide an export named 'setMuted'
[ 3951506ms] The requested module '/src/layers/commits.js?t=1777266176496' does not provide an export named 'setMuted'
[ 3952404ms] The requested module '/src/layers/commits.js?t=1777266176496' does not provide an export named 'setMuted'
[ 3956028ms] The requested module '/src/layers/commits.js?t=1777266176496' does not provide an export named 'setMuted'
[ 3958333ms] The requested module '/src/layers/commits.js?t=1777266176496' does not provide an export named 'setMuted'
[ 3963817ms] [LOG] %c * Tone.js v15.1.22 *  background: #000; color: #fff @ http://localhost:5173/node_modules/.vite/deps/tone.js?v=abb9aa6a:9690
[ 3963844ms] ReferenceError: setCommitMuted is not defined
    at http://localhost:5173/src/main.js?t=1777266209092:25:17
[ 3967363ms] [LOG] %c * Tone.js v15.1.22 *  background: #000; color: #fff @ http://localhost:5173/node_modules/.vite/deps/tone.js?v=abb9aa6a:9690
[ 3971180ms] [LOG] %c * Tone.js v15.1.22 *  background: #000; color: #fff @ http://localhost:5173/node_modules/.vite/deps/tone.js?v=abb9aa6a:9690
[ 3979871ms] [LOG] %c * Tone.js v15.1.22 *  background: #000; color: #fff @ http://localhost:5173/node_modules/.vite/deps/tone.js?v=abb9aa6a:9690
[ 3984492ms] [LOG] %c * Tone.js v15.1.22 *  background: #000; color: #fff @ http://localhost:5173/node_modules/.vite/deps/tone.js?v=abb9aa6a:9690
[ 3992072ms] [LOG] %c * Tone.js v15.1.22 *  background: #000; color: #fff @ http://localhost:5173/node_modules/.vite/deps/tone.js?v=abb9aa6a:9690
[ 4509576ms] [LOG] %c * Tone.js v15.1.22 *  background: #000; color: #fff @ http://localhost:5173/node_modules/.vite/deps/tone.js?v=abb9aa6a:9690
[ 4522524ms] [LOG] %c * Tone.js v15.1.22 *  background: #000; color: #fff @ http://localhost:5173/node_modules/.vite/deps/tone.js?v=abb9aa6a:9690
[ 4538759ms] [LOG] %c * Tone.js v15.1.22 *  background: #000; color: #fff @ http://localhost:5173/node_modules/.vite/deps/tone.js?v=abb9aa6a:9690
[ 4587869ms] [LOG] %c * Tone.js v15.1.22 *  background: #000; color: #fff @ http://localhost:5173/node_modules/.vite/deps/tone.js?v=abb9aa6a:9690
